[PackFile\16:17:38.47] New packfile: mmfs2.dll (Compressed)
[PackFile\16:17:38.48] New packfile: mmf2d3d11.dll (Compressed)
[PackFile\16:17:38.48] New packfile: mmf2d3d9.dll (Compressed)
[PackFile\16:17:38.48] New packfile: mmf2d3d8.dll (Compressed)
[PackFile\16:17:38.48] New packfile: kcpica.mfx (Compressed)
[PackFile\16:17:38.48] New packfile: kcedit.mfx (Compressed)
[PackFile\16:17:38.48] New packfile: KcBoxB.mfx (Compressed)
[PackFile\16:17:38.48] New packfile: KcButton.mfx (Compressed)
[PackFile\16:17:38.48] New packfile: Surface.mfx (Compressed)
[PackFile\16:17:38.49] New packfile: kcfile.mfx (Compressed)
[PackFile\16:17:38.49] New packfile: KcArray.mfx (Compressed)
[PackFile\16:17:38.49] New packfile: pngflt.ift (Compressed)
[PackFile\16:17:38.49] New packfile: tgaflt.ift (Compressed)
[PackFile\16:17:38.49] New packfile: bmpflt.ift (Compressed)
[PackFile\16:17:38.49] New packfile: jpgflt.ift (Compressed)
[PackFile\16:17:38.49] New packfile: fliflt.ift (Compressed)
[PackFile\16:17:38.49] New packfile: gifflt.ift (Compressed)
[PackFile\16:17:38.49] New packfile: aviflt.ift (Compressed)
[PackFile\16:17:38.49] New packfile: pcxflt.ift (Compressed)
[CCNPackageData\16:17:38.49] Running build 'Unknown'
[CCNPackageData\16:17:38.49] Game Header: PAMU
[CCNPackageData\16:17:38.49] Fusion Build: 293 (Fusion 2,5)
[CCNPackageData\16:17:38.60] Reading Chunk 0x2223 (AppHeader)
[CCNPackageData\16:17:38.60] Reading Chunk 0x2246 (AppCodePage)
[CCNPackageData\16:17:38.60] Reading Chunk 0x2251 (UnknownChunk)
[UnknownChunk\16:17:38.60] Unknown Chunk: 0x2251
[CCNPackageData\16:17:38.60] Reading Chunk 0x2224 (AppName)
[CCNPackageData\16:17:38.60] Reading Chunk 0x2225 (Author)
[CCNPackageData\16:17:38.60] Reading Chunk 0x223B (Copyright)
[CCNPackageData\16:17:38.60] Reading Chunk 0x222F (TargetFilename)
[CCNPackageData\16:17:38.60] Reading Chunk 0x222E (EditorFilename)
[CCNPackageData\16:17:38.61] Reading Chunk 0x2235 (AppIcon)
[CCNPackageData\16:17:38.61] Reading Chunk 0x225D (UnknownChunk)
[UnknownChunk\16:17:38.61] Unknown Chunk: 0x225D
[CCNPackageData\16:17:38.61] Reading Chunk 0x2245 (ExtendedHeader)
[CCNPackageData\16:17:38.61] Reading Chunk 0x224F (EngineVer)
[CCNPackageData\16:17:38.61] Reading Chunk 0x2232 (GlobalValues)
[CCNPackageData\16:17:38.61] Reading Chunk 0x2233 (GlobalStrings)
[CCNPackageData\16:17:38.61] Reading Chunk 0x2226 (MenuBar)
[CCNPackageData\16:17:38.61] Reading Chunk 0x222C (ExtensionData)
[CCNPackageData\16:17:38.61] Reading Chunk 0x225C (UnknownChunk)
[UnknownChunk\16:17:38.61] Unknown Chunk: 0x225C
[CCNPackageData\16:17:38.61] Reading Chunk 0x2234 (Extensions)
[CCNPackageData\16:17:38.61] Reading Chunk 0x2259 (TrueTypeFontBank)
[CCNPackageData\16:17:38.62] Reading Chunk 0x2258 (TrueTypeFontInfo)
[CCNPackageData\16:17:38.62] Reading Chunk 0x2253 (ObjectHeaders)
[CCNPackageData\16:17:38.62] Reading Chunk 0x2254 (ObjectNames)
[CCNPackageData\16:17:38.62] Reading Chunk 0x2255 (ObjectShaders)
[CCNPackageData\16:17:38.62] Reading Chunk 0x2256 (ObjectProperties)
[CCNPackageData\16:17:38.63] Reading Chunk 0x2257 (UnknownChunk)
[UnknownChunk\16:17:38.63] Unknown Chunk: 0x2257
[CCNPackageData\16:17:38.63] Reading Chunk 0x2237 (SerialNumber)
[CCNPackageData\16:17:38.63] Reading Chunk 0x222B (FrameHandles)
[CCNPackageData\16:17:38.63] Reading Chunk 0x2240 (ExeOnly)
[CCNPackageData\16:17:38.63] Reading Chunk 0x224D (UnknownChunk)
[UnknownChunk\16:17:38.63] Unknown Chunk: 0x224D
[CCNPackageData\16:17:38.63] Reading Chunk 0x3333 (Frame)
[Frame\16:17:38.63] Reading Frame Chunk 0x3334 (FrameHeader)
[Frame\16:17:38.63] Reading Frame Chunk 0x334C (FrameHandle)
[Frame\16:17:38.63] Reading Frame Chunk 0x3342 (FrameRect)
[Frame\16:17:38.63] Reading Frame Chunk 0x3335 (FrameName)
[Frame\16:17:38.63] Reading Frame Chunk 0x3337 (FramePalette)
[Frame\16:17:38.63] Reading Frame Chunk 0x3341 (FrameLayers)
[Frame\16:17:38.63] Reading Frame Chunk 0x3345 (FrameLayerEffects)
[Frame\16:17:38.63] Reading Frame Chunk 0x3338 (FrameInstances)
[Frame\16:17:38.63] Reading Frame Chunk 0x333D (FrameEvents)
[Frame\16:17:38.64] Reading Frame Chunk 0x3347 (FrameMoveTimer)
[Frame\16:17:38.64] Reading Frame Chunk 0x3349 (FrameEffects)
[Frame\16:17:38.64] Reading Frame Chunk 0x7F7F (Last)
[Frame\16:17:38.64] Frame [0] 'Frame 1' found.
[CCNPackageData\16:17:38.64] Reading Chunk 0x2242 (Protection)
[CCNPackageData\16:17:38.64] Reading Chunk 0x6666 (ImageBank)
[CCNPackageData\16:17:38.65] Reading Chunk 0x5555 (ImageOffsets)
[CCNPackageData\16:17:38.65] Reading Chunk 0x6667 (FontBank)
[CCNPackageData\16:17:38.65] Reading Chunk 0x5556 (FontOffsets)
[CCNPackageData\16:17:38.65] Reading Chunk 0x7F7F (Last)
[MFAParser\16:17:46.26] Converting images to MFA format
[MFAParser\16:17:46.26] Done! (0,0035547 seconds)
[MFAParser\16:17:46.26] Generating Application, Object, and Frame icons
[MFAParser\16:17:46.28] Done! (0,0168459 seconds)
[MFAParser\16:17:46.28] Writing Font Bank
[MFAParser\16:17:46.28] Done! (0,0003149 seconds)
[MFAParser\16:17:46.28] Writing Sound Bank
[MFAParser\16:17:46.28] Done! (0,0001281 seconds)
[MFAParser\16:17:46.28] Writing Music Bank
[MFAParser\16:17:46.28] Done! (0,0001189 seconds)
[MFAParser\16:17:46.28] Writing Icon Bank
[MFAParser\16:17:46.28] Done! (0,0057294 seconds)
[MFAParser\16:17:46.28] Writing Image Bank
[MFAParser\16:17:46.28] Done! (0,0003474 seconds)
[MFAParser\16:17:46.29] Writing frame 'Frame 1'
[MFAParser\16:17:46.30] Done! (0,0113783 seconds)
