[PackFile\18:38:46.14] New packfile: mmfs2.dll (Compressed)
[PackFile\18:38:46.14] New packfile: mmf2d3d11.dll (Compressed)
[PackFile\18:38:46.15] New packfile: mmf2d3d9.dll (Compressed)
[PackFile\18:38:46.15] New packfile: mmf2d3d8.dll (Compressed)
[PackFile\18:38:46.15] New packfile: kcpica.mfx (Compressed)
[PackFile\18:38:46.15] New packfile: kcedit.mfx (Compressed)
[PackFile\18:38:46.15] New packfile: KcBoxB.mfx (Compressed)
[PackFile\18:38:46.15] New packfile: KcButton.mfx (Compressed)
[PackFile\18:38:46.15] New packfile: Surface.mfx (Compressed)
[PackFile\18:38:46.15] New packfile: kcfile.mfx (Compressed)
[PackFile\18:38:46.15] New packfile: KcArray.mfx (Compressed)
[PackFile\18:38:46.16] New packfile: pngflt.ift (Compressed)
[PackFile\18:38:46.16] New packfile: tgaflt.ift (Compressed)
[PackFile\18:38:46.16] New packfile: bmpflt.ift (Compressed)
[PackFile\18:38:46.16] New packfile: jpgflt.ift (Compressed)
[PackFile\18:38:46.16] New packfile: fliflt.ift (Compressed)
[PackFile\18:38:46.16] New packfile: gifflt.ift (Compressed)
[PackFile\18:38:46.16] New packfile: aviflt.ift (Compressed)
[PackFile\18:38:46.16] New packfile: pcxflt.ift (Compressed)
[CCNPackageData\18:38:46.16] Running build 'Unknown'
[CCNPackageData\18:38:46.16] Game Header: PAMU
[CCNPackageData\18:38:46.16] Fusion Build: 293 (Fusion 2,5)
[CCNPackageData\18:38:46.25] Reading Chunk 0x2223 (AppHeader)
[CCNPackageData\18:38:46.25] Reading Chunk 0x2246 (AppCodePage)
[CCNPackageData\18:38:46.25] Reading Chunk 0x2251 (UnknownChunk)
[UnknownChunk\18:38:46.25] Unknown Chunk: 0x2251
[CCNPackageData\18:38:46.25] Reading Chunk 0x2224 (AppName)
[CCNPackageData\18:38:46.25] Reading Chunk 0x2225 (Author)
[CCNPackageData\18:38:46.25] Reading Chunk 0x223B (Copyright)
[CCNPackageData\18:38:46.25] Reading Chunk 0x222F (TargetFilename)
[CCNPackageData\18:38:46.25] Reading Chunk 0x222E (EditorFilename)
[CCNPackageData\18:38:46.25] Reading Chunk 0x2235 (AppIcon)
[CCNPackageData\18:38:46.25] Reading Chunk 0x225D (UnknownChunk)
[UnknownChunk\18:38:46.25] Unknown Chunk: 0x225D
[CCNPackageData\18:38:46.25] Reading Chunk 0x2245 (ExtendedHeader)
[CCNPackageData\18:38:46.25] Reading Chunk 0x224F (EngineVer)
[CCNPackageData\18:38:46.25] Reading Chunk 0x2232 (GlobalValues)
[CCNPackageData\18:38:46.25] Reading Chunk 0x2233 (GlobalStrings)
[CCNPackageData\18:38:46.25] Reading Chunk 0x2226 (MenuBar)
[CCNPackageData\18:38:46.25] Reading Chunk 0x222C (ExtensionData)
[CCNPackageData\18:38:46.25] Reading Chunk 0x225C (UnknownChunk)
[UnknownChunk\18:38:46.26] Unknown Chunk: 0x225C
[CCNPackageData\18:38:46.26] Reading Chunk 0x2234 (Extensions)
[CCNPackageData\18:38:46.26] Reading Chunk 0x2259 (TrueTypeFontBank)
[CCNPackageData\18:38:46.27] Reading Chunk 0x2258 (TrueTypeFontInfo)
[CCNPackageData\18:38:46.27] Reading Chunk 0x2253 (ObjectHeaders)
[CCNPackageData\18:38:46.27] Reading Chunk 0x2254 (ObjectNames)
[CCNPackageData\18:38:46.27] Reading Chunk 0x2255 (ObjectShaders)
[CCNPackageData\18:38:46.27] Reading Chunk 0x2256 (ObjectProperties)
[CCNPackageData\18:38:46.27] Reading Chunk 0x2257 (UnknownChunk)
[UnknownChunk\18:38:46.27] Unknown Chunk: 0x2257
[CCNPackageData\18:38:46.27] Reading Chunk 0x2237 (SerialNumber)
[CCNPackageData\18:38:46.27] Reading Chunk 0x222B (FrameHandles)
[CCNPackageData\18:38:46.27] Reading Chunk 0x2240 (ExeOnly)
[CCNPackageData\18:38:46.27] Reading Chunk 0x224D (UnknownChunk)
[UnknownChunk\18:38:46.27] Unknown Chunk: 0x224D
[CCNPackageData\18:38:46.27] Reading Chunk 0x3333 (Frame)
[Frame\18:38:46.28] Reading Frame Chunk 0x3334 (FrameHeader)
[Frame\18:38:46.28] Reading Frame Chunk 0x334C (FrameHandle)
[Frame\18:38:46.28] Reading Frame Chunk 0x3342 (FrameRect)
[Frame\18:38:46.28] Reading Frame Chunk 0x3335 (FrameName)
[Frame\18:38:46.28] Reading Frame Chunk 0x3337 (FramePalette)
[Frame\18:38:46.28] Reading Frame Chunk 0x3341 (FrameLayers)
[Frame\18:38:46.28] Reading Frame Chunk 0x3345 (FrameLayerEffects)
[Frame\18:38:46.28] Reading Frame Chunk 0x3338 (FrameInstances)
[Frame\18:38:46.28] Reading Frame Chunk 0x333D (FrameEvents)
[Frame\18:38:46.29] Reading Frame Chunk 0x3347 (FrameMoveTimer)
[Frame\18:38:46.29] Reading Frame Chunk 0x3349 (FrameEffects)
[Frame\18:38:46.29] Reading Frame Chunk 0x7F7F (Last)
[Frame\18:38:46.29] Frame [0] 'Frame 1' found.
[CCNPackageData\18:38:46.29] Reading Chunk 0x2242 (Protection)
[CCNPackageData\18:38:46.29] Reading Chunk 0x6666 (ImageBank)
[CCNPackageData\18:38:46.29] Reading Chunk 0x5555 (ImageOffsets)
[CCNPackageData\18:38:46.29] Reading Chunk 0x6667 (FontBank)
[CCNPackageData\18:38:46.30] Reading Chunk 0x5556 (FontOffsets)
[CCNPackageData\18:38:46.30] Reading Chunk 0x7F7F (Last)
[MFAParser\18:38:48.01] Converting images to MFA format
[MFAParser\18:38:48.01] Done! (0,0036532 seconds)
[MFAParser\18:38:48.01] Generating Application, Object, and Frame icons
[MFAParser\18:38:48.03] Done! (0,0142234 seconds)
[MFAParser\18:38:48.03] Writing Font Bank
[MFAParser\18:38:48.03] Done! (0,0003321 seconds)
[MFAParser\18:38:48.03] Writing Sound Bank
[MFAParser\18:38:48.03] Done! (0,0001301 seconds)
[MFAParser\18:38:48.03] Writing Music Bank
[MFAParser\18:38:48.03] Done! (0,0001733 seconds)
[MFAParser\18:38:48.03] Writing Icon Bank
[MFAParser\18:38:48.03] Done! (0,0063634 seconds)
[MFAParser\18:38:48.03] Writing Image Bank
[MFAParser\18:38:48.03] Done! (0,0003558 seconds)
[MFAParser\18:38:48.04] Writing frame 'Frame 1'
[MFAParser\18:38:48.05] Done! (0,0116391 seconds)
