Fri Oct 10 18:59:17 2025 UTC - Current process: rundll32.exe
Fri Oct 10 18:59:17 2025 UTC - Module file name: C:\Program Files (x86)\Steam\gameoverlayrenderer.dll
Fri Oct 10 18:59:17 2025 UTC - Process ID: 4516
Fri Oct 10 18:59:17 2025 UTC - GameID = 13055595824090710016, OverlayGameID = 13055595824090710016
Fri Oct 10 18:59:17 2025 UTC - Failed creating CEF paint event: 2
Fri Oct 10 18:59:17 2025 UTC - System page size: 4096
Fri Oct 10 18:59:17 2025 UTC - Hooking SetCursorPos, GetCursorPos, ShowCursor, SetCursor, and GetCursor
Fri Oct 10 18:59:17 2025 UTC - Modules at GameOverlayRenderer.dll attach
Fri Oct 10 18:59:17 2025 UTC - 01: rundll32.exe - (00690000 to 006A6000)
Fri Oct 10 18:59:17 2025 UTC - 02: ntdll.dll - (77410000 to 775B4000)
Fri Oct 10 18:59:17 2025 UTC - 03: KERNEL32.DLL - (75F10000 to 76000000)
Fri Oct 10 18:59:17 2025 UTC - 04: KERNELBASE.dll - (76200000 to 76439000)
Fri Oct 10 18:59:17 2025 UTC - 05: apphelp.dll - (68500000 to 685A4000)
Fri Oct 10 18:59:17 2025 UTC - 06: AcLayers.DLL - (636A0000 to 63925000)
Fri Oct 10 18:59:17 2025 UTC - 07: msvcrt.dll - (770C0000 to 7717F000)
Fri Oct 10 18:59:17 2025 UTC - 08: USER32.dll - (76000000 to 7619C000)
Fri Oct 10 18:59:17 2025 UTC - 09: win32u.dll - (77330000 to 77348000)
Fri Oct 10 18:59:17 2025 UTC - 10: GDI32.dll - (77350000 to 77373000)
Fri Oct 10 18:59:17 2025 UTC - 11: gdi32full.dll - (76440000 to 76527000)
Fri Oct 10 18:59:17 2025 UTC - 12: msvcp_win.dll - (76E90000 to 76F0B000)
Fri Oct 10 18:59:17 2025 UTC - 13: ucrtbase.dll - (75C60000 to 75D80000)
Fri Oct 10 18:59:17 2025 UTC - 14: SHELL32.dll - (768B0000 to 76E8B000)
Fri Oct 10 18:59:17 2025 UTC - 15: SHLWAPI.dll - (757C0000 to 75809000)
Fri Oct 10 18:59:17 2025 UTC - 16: OLEAUT32.dll - (75AD0000 to 75B66000)
Fri Oct 10 18:59:17 2025 UTC - 17: combase.dll - (76630000 to 768B0000)
Fri Oct 10 18:59:17 2025 UTC - 18: RPCRT4.dll - (77270000 to 77329000)
Fri Oct 10 18:59:17 2025 UTC - 19: SETUPAPI.dll - (75370000 to 757AA000)
Fri Oct 10 18:59:17 2025 UTC - 20: cfgmgr32.dll - (77180000 to 771BB000)
Fri Oct 10 18:59:17 2025 UTC - 21: bcrypt.dll - (75350000 to 75369000)
Fri Oct 10 18:59:17 2025 UTC - 22: MPR.dll - (63FA0000 to 63FB9000)
Fri Oct 10 18:59:17 2025 UTC - 23: sfc.dll - (02A50000 to 02A53000)
Fri Oct 10 18:59:17 2025 UTC - 24: WINSPOOL.DRV - (68D10000 to 68D8D000)
Fri Oct 10 18:59:17 2025 UTC - 25: shcore.dll - (75D80000 to 75E07000)
Fri Oct 10 18:59:17 2025 UTC - 26: sfc_os.DLL - (64670000 to 6467F000)
Fri Oct 10 18:59:17 2025 UTC - 27: IMM32.DLL - (75A00000 to 75A25000)
Fri Oct 10 18:59:17 2025 UTC - 28: imagehlp.dll - (75AB0000 to 75AC9000)
Fri Oct 10 18:59:17 2025 UTC - 29: gameoverlayrenderer.dll - (64750000 to 648B7000)
Fri Oct 10 18:59:17 2025 UTC - 30: ADVAPI32.dll - (77380000 to 773FD000)
Fri Oct 10 18:59:17 2025 UTC - 31: sechost.dll - (75980000 to 759F7000)
Fri Oct 10 18:59:17 2025 UTC - 32: ole32.dll - (76FD0000 to 770B3000)
Fri Oct 10 18:59:17 2025 UTC - 33: PSAPI.DLL - (757B0000 to 757B6000)
Fri Oct 10 18:59:17 2025 UTC -Fri Oct 10 18:59:18 2025 UTC - Initializing Audio...
Fri Oct 10 18:59:18 2025 UTC - Game is using dinFri Oct 10 18:59:18 2025 UTC - GameOverlayRenderer.dll detaching
C - DirectInputCreateW hook called
Fri Oct 10 18:59:19 2025 UTC - XInput Hooked XInputEnable Version 14
Fri Oct 10 18:59:19 2025 UTC - XInput Hooked XInputGetAudioDeviceIds Version 14
Fri Oct 10 18:59:19 2025 UTC - XInput Hooked XInputGetBatteryInformation Version 14
Fri Oct 10 18:59:19 2025 UTC - XInput Hooked XInputGetCapabilities Version 14
Fri Oct 10 18:59:19 2025 UTC - XInput Hooked XInputGetCapabilitiesEx Version 14
Fri Oct 10 18:59:19 2025 UTC - XInput Hooked XInputGetKeystroke Version 14
Fri Oct 10 18:59:19 2025 UTC - XInput Hooked XInputGetState Version 14
Fri Oct 10 18:59:19 2025 UTC - XInput Hooked XInputGetStateEx Version 14
Fri Oct 10 18:59:19 2025 UTC - XInput Hooked XInputSetState Version 14
Fri Oct 10 18:59:21 2025 UTC - IAudioClient_Initialize - SUCCEEDED
Fri Oct 10 18:59:21 2025 UTC - Audio client initialized: 0x05DABDB0
Fri Oct 10 18:59:21 2025 UTC - Device:
Fri Oct 10 18:59:21 2025 UTC - Audio client mix format:
Fri Oct 10 18:59:21 2025 UTC - 	format: 65534
Fri Oct 10 18:59:21 2025 UTC - 	channels: 2
Fri Oct 10 18:59:21 2025 UTC - 	samples/sec: 48000
Fri Oct 10 18:59:21 2025 UTC - 	bytes/sec: 384000
Fri Oct 10 18:59:21 2025 UTC - 	alignment: 8
Fri Oct 10 18:59:21 2025 UTC - 	bits/sample: 32
Fri Oct 10 18:59:21 2025 UTC - 	channel mask: 0x3
Fri Oct 10 18:59:21 2025 UTC - 	data format: {00000003-0000-0010-8000-00AA00389B71}
Fri Oct 10 18:59:21 2025 UTC - Audio hooked
Fri Oct 10 18:59:21 2025 UTC - Audio client started: 0x05DABDB0, 1
Fri Oct 10 18:59:31 2025 UTC - Found a hooked function in now unloaded module, removing from map.
Fri Oct 10 18:59:31 2025 UTC - Found a hooked function in now unloaded module, removing from map.
Fri Oct 10 18:59:31 2025 UTC - Found a hooked function in now unloaded module, removing from map.
Fri Oct 10 18:59:31 2025 UTC - Found a hooked function in now unloaded module, removing from map.
Fri Oct 10 18:59:31 2025 UTC - Found a hooked function in now unloaded module, removing from map.
Fri Oct 10 18:59:32 2025 UTC - GameOverlayRenderer.dll detaching
